{"/Users/dannythibaudeau/dev/cobreti-demos/web-components/Components/React/Web-Components/src/components/header/header.tsx": {"path":"/Users/dannythibaudeau/dev/cobreti-demos/web-components/Components/React/Web-Components/src/components/header/header.tsx","statementMap":{"0":{"start":{"line":13,"column":20},"end":{"line":26,"column":null}},"1":{"start":{"line":14,"column":8},"end":{"line":25,"column":null}},"2":{"start":{"line":15,"column":29},"end":{"line":22,"column":null}},"3":{"start":{"line":24,"column":12},"end":{"line":24,"column":null}},"4":{"start":{"line":41,"column":17},"end":{"line":44,"column":null}},"5":{"start":{"line":46,"column":0},"end":{"line":46,"column":null}}},"fnMap":{"0":{"name":"Header","decl":{"start":{"line":11,"column":16},"end":{"line":11,"column":24}},"loc":{"start":{"line":11,"column":42},"end":{"line":39,"column":null}}},"1":{"name":"(anonymous_1)","decl":{"start":{"line":13,"column":20},"end":{"line":13,"column":21}},"loc":{"start":{"line":13,"column":21},"end":{"line":26,"column":null}}}},"branchMap":{"0":{"loc":{"start":{"line":14,"column":8},"end":{"line":25,"column":null}},"type":"if","locations":[{"start":{"line":14,"column":8},"end":{"line":25,"column":null}},{"start":{"line":14,"column":8},"end":{"line":25,"column":null}}]}},"s":{"0":2,"1":2,"2":1,"3":1,"4":1,"5":1},"f":{"0":2,"1":2},"b":{"0":[1,1]}}
,"/Users/dannythibaudeau/dev/cobreti-demos/web-components/Components/React/Web-Components/src/components/login/login.tsx": {"path":"/Users/dannythibaudeau/dev/cobreti-demos/web-components/Components/React/Web-Components/src/components/login/login.tsx","statementMap":{"0":{"start":{"line":17,"column":8},"end":{"line":17,"column":null}},"1":{"start":{"line":19,"column":44},"end":{"line":23,"column":null}},"2":{"start":{"line":20,"column":8},"end":{"line":22,"column":null}},"3":{"start":{"line":21,"column":12},"end":{"line":21,"column":null}}},"fnMap":{"0":{"name":"Login","decl":{"start":{"line":12,"column":16},"end":{"line":12,"column":22}},"loc":{"start":{"line":12,"column":39},"end":{"line":45,"column":null}}},"1":{"name":"(anonymous_1)","decl":{"start":{"line":19,"column":44},"end":{"line":19,"column":45}},"loc":{"start":{"line":19,"column":45},"end":{"line":23,"column":null}}}},"branchMap":{"0":{"loc":{"start":{"line":20,"column":8},"end":{"line":22,"column":null}},"type":"if","locations":[{"start":{"line":20,"column":8},"end":{"line":22,"column":null}},{"start":{"line":20,"column":8},"end":{"line":22,"column":null}}]},"1":{"loc":{"start":{"line":40,"column":65},"end":{"line":40,"column":null}},"type":"binary-expr","locations":[{"start":{"line":40,"column":65},"end":{"line":40,"column":77}},{"start":{"line":40,"column":77},"end":{"line":40,"column":null}}]}},"s":{"0":16,"1":16,"2":4,"3":3},"f":{"0":16,"1":4},"b":{"0":[3,1],"1":[16,10]}}
}
